<?xml version="1.0"?>
<testsuite name="Chrome 54.0.2840 (Windows 10 0.0.0)" package="" timestamp="2016-12-02T07:23:51" id="0" hostname="D1MD22670" tests="6" errors="0" failures="0" time="0.082">
    <properties>
        <property name="browser.fullName" value="Mozilla/5.0 (Windows NT 10.0; Win64; x64) AppleWebKit/537.36 (KHTML, like Gecko) Chrome/54.0.2840.99 Safari/537.36" />
    </properties>
    <testcase name="testing  forgotPassword Controller test the widget to be displayed should check which widget is displayed" time="0.032" classname="Chrome_54_0_2840_(Windows_10_0_0_0).testing  forgotPassword Controller" />
    <testcase name="testing  forgotPassword Controller function to be executed when submit is done change submit function should check the length of password is less than 8" time="0.012" classname="Chrome_54_0_2840_(Windows_10_0_0_0).testing  forgotPassword Controller" />
    <testcase name="testing  forgotPassword Controller function to be executed when submit is done change submit function should check the length of password is greater than 8" time="0.005" classname="Chrome_54_0_2840_(Windows_10_0_0_0).testing  forgotPassword Controller" />
    <testcase name="testing  forgotPassword Controller function to be executed when submit is done change submit function should check if passwords are equal" time="0.006" classname="Chrome_54_0_2840_(Windows_10_0_0_0).testing  forgotPassword Controller" />
    <testcase name="testing  forgotPassword Controller function to be executed when submit is done change submit function should check if passwords are not equal" time="0.011" classname="Chrome_54_0_2840_(Windows_10_0_0_0).testing  forgotPassword Controller" />
    <testcase name="Test cases for Registration controller should check that none of the fields is left empty" time="0.016" classname="Chrome_54_0_2840_(Windows_10_0_0_0).Test cases for Registration controller" />
    <system-out>
        <![CDATA[Chrome 54.0.2840 (Windows 10 0.0.0) LOG: 'the length of password is', 6
,Chrome 54.0.2840 (Windows 10 0.0.0) LOG: 'the length of password is', 11
,Chrome 54.0.2840 (Windows 10 0.0.0) ALERT: 'Successfully registered'
,Chrome 54.0.2840 (Windows 10 0.0.0) ERROR
  Disconnectedundefined
,Chrome 54.0.2840 (Windows 10 0.0.0) ERROR
  Disconnectedundefined
,Chrome 54.0.2840 (Windows 10 0.0.0) LOG: 'the length of password is', 6
,Chrome 54.0.2840 (Windows 10 0.0.0) LOG: 'the length of password is', 11
,Chrome 54.0.2840 (Windows 10 0.0.0) ALERT: 'Successfully registered'

]]>
    </system-out>
    <system-err/>
</testsuite>
